  [1m[35m (174.7ms)[0m  [1m[35mCREATE DATABASE "rails6_psql_app_development" ENCODING = 'unicode'[0m
  [1m[35m (75.5ms)[0m  [1m[35mCREATE DATABASE "rails6_psql_app_test" ENCODING = 'unicode'[0m
  [1m[35m (22.8ms)[0m  [1m[35mCREATE TABLE "schema_migrations" ("version" character varying NOT NULL PRIMARY KEY)[0m
  [1m[35m (24.3ms)[0m  [1m[35mCREATE TABLE "ar_internal_metadata" ("key" character varying NOT NULL PRIMARY KEY, "value" character varying, "created_at" timestamp(6) NOT NULL, "updated_at" timestamp(6) NOT NULL)[0m
  [1m[35m (0.6ms)[0m  [1m[34mSELECT pg_try_advisory_lock(6828239562154530450)[0m
  [1m[35m (0.5ms)[0m  [1m[34mSELECT "schema_migrations"."version" FROM "schema_migrations" ORDER BY "schema_migrations"."version" ASC[0m
Migrating to CreateMessages (20200904141717)
  [1m[35m (0.2ms)[0m  [1m[35mBEGIN[0m
  [1m[35m (16.5ms)[0m  [1m[35mCREATE TABLE "messages" ("id" bigserial primary key, "content" character varying, "created_at" timestamp(6) NOT NULL, "updated_at" timestamp(6) NOT NULL)[0m
  [1m[36mprimary::SchemaMigration Create (0.5ms)[0m  [1m[32mINSERT INTO "schema_migrations" ("version") VALUES ($1) RETURNING "version"[0m  [["version", "20200904141717"]]
  [1m[35m (0.4ms)[0m  [1m[35mCOMMIT[0m
  [1m[36mActiveRecord::InternalMetadata Load (0.4ms)[0m  [1m[34mSELECT "ar_internal_metadata".* FROM "ar_internal_metadata" WHERE "ar_internal_metadata"."key" = $1 LIMIT $2[0m  [["key", "environment"], ["LIMIT", 1]]
  [1m[35m (0.1ms)[0m  [1m[35mBEGIN[0m
  [1m[36mActiveRecord::InternalMetadata Create (0.5ms)[0m  [1m[32mINSERT INTO "ar_internal_metadata" ("key", "value", "created_at", "updated_at") VALUES ($1, $2, $3, $4) RETURNING "key"[0m  [["key", "environment"], ["value", "development"], ["created_at", "2020-09-04 14:17:39.604341"], ["updated_at", "2020-09-04 14:17:39.604341"]]
  [1m[35m (6.1ms)[0m  [1m[35mCOMMIT[0m
  [1m[35m (0.3ms)[0m  [1m[34mSELECT pg_advisory_unlock(6828239562154530450)[0m
  [1m[35m (0.8ms)[0m  [1m[34mSELECT "schema_migrations"."version" FROM "schema_migrations" ORDER BY "schema_migrations"."version" ASC[0m
Started GET "/" for ::1 at 2020-09-04 23:17:50 +0900
  [1m[35m (0.7ms)[0m  [1m[34mSELECT "schema_migrations"."version" FROM "schema_migrations" ORDER BY "schema_migrations"."version" ASC[0m
Processing by Rails::WelcomeController#index as HTML
  Rendering /Users/unknown01/.rbenv/versions/2.6.6/lib/ruby/gems/2.6.0/gems/railties-6.0.3.2/lib/rails/templates/rails/welcome/index.html.erb
  Rendered /Users/unknown01/.rbenv/versions/2.6.6/lib/ruby/gems/2.6.0/gems/railties-6.0.3.2/lib/rails/templates/rails/welcome/index.html.erb (Duration: 8.3ms | Allocations: 482)
Completed 200 OK in 22ms (Views: 13.4ms | ActiveRecord: 0.0ms | Allocations: 2820)


Started GET "/message" for ::1 at 2020-09-04 23:18:04 +0900
  
ActionController::RoutingError (No route matches [GET] "/message"):
  
actionpack (6.0.3.2) lib/action_dispatch/middleware/debug_exceptions.rb:36:in `call'
web-console (4.0.4) lib/web_console/middleware.rb:132:in `call_app'
web-console (4.0.4) lib/web_console/middleware.rb:28:in `block in call'
web-console (4.0.4) lib/web_console/middleware.rb:17:in `catch'
web-console (4.0.4) lib/web_console/middleware.rb:17:in `call'
actionpack (6.0.3.2) lib/action_dispatch/middleware/show_exceptions.rb:33:in `call'
railties (6.0.3.2) lib/rails/rack/logger.rb:37:in `call_app'
railties (6.0.3.2) lib/rails/rack/logger.rb:26:in `block in call'
activesupport (6.0.3.2) lib/active_support/tagged_logging.rb:80:in `block in tagged'
activesupport (6.0.3.2) lib/active_support/tagged_logging.rb:28:in `tagged'
activesupport (6.0.3.2) lib/active_support/tagged_logging.rb:80:in `tagged'
railties (6.0.3.2) lib/rails/rack/logger.rb:26:in `call'
sprockets-rails (3.2.1) lib/sprockets/rails/quiet_assets.rb:13:in `call'
actionpack (6.0.3.2) lib/action_dispatch/middleware/remote_ip.rb:81:in `call'
actionpack (6.0.3.2) lib/action_dispatch/middleware/request_id.rb:27:in `call'
rack (2.2.3) lib/rack/method_override.rb:24:in `call'
rack (2.2.3) lib/rack/runtime.rb:22:in `call'
activesupport (6.0.3.2) lib/active_support/cache/strategy/local_cache_middleware.rb:29:in `call'
actionpack (6.0.3.2) lib/action_dispatch/middleware/executor.rb:14:in `call'
actionpack (6.0.3.2) lib/action_dispatch/middleware/static.rb:126:in `call'
rack (2.2.3) lib/rack/sendfile.rb:110:in `call'
actionpack (6.0.3.2) lib/action_dispatch/middleware/host_authorization.rb:82:in `call'
webpacker (4.3.0) lib/webpacker/dev_server_proxy.rb:23:in `perform_request'
rack-proxy (0.6.5) lib/rack/proxy.rb:57:in `call'
railties (6.0.3.2) lib/rails/engine.rb:527:in `call'
puma (4.3.5) lib/puma/configuration.rb:228:in `call'
puma (4.3.5) lib/puma/server.rb:713:in `handle_request'
puma (4.3.5) lib/puma/server.rb:472:in `process_client'
puma (4.3.5) lib/puma/server.rb:328:in `block in run'
puma (4.3.5) lib/puma/thread_pool.rb:134:in `block in spawn_thread'
Started GET "/messages" for ::1 at 2020-09-04 23:18:25 +0900
Processing by MessagesController#index as HTML
  Rendering messages/index.html.erb within layouts/application
  [1m[36mMessage Load (0.6ms)[0m  [1m[34mSELECT "messages".* FROM "messages"[0m
  ↳ app/views/messages/index.html.erb:14
  Rendered messages/index.html.erb within layouts/application (Duration: 4.7ms | Allocations: 1359)
[Webpacker] Compiling...
[Webpacker] Compiled all packs in /Users/unknown01/Desktop/rails6_psql_app/public/packs
[Webpacker] Hash: 15d1bb7b54cf6326b9ba
Version: webpack 4.44.1
Time: 1545ms
Built at: 2020/09/04 23:18:28
                                     Asset       Size       Chunks                         Chunk Names
    js/application-9afcbb5693aa87623e69.js    124 KiB  application  [emitted] [immutable]  application
js/application-9afcbb5693aa87623e69.js.map    139 KiB  application  [emitted] [dev]        application
                             manifest.json  364 bytes               [emitted]              
Entrypoint application = js/application-9afcbb5693aa87623e69.js js/application-9afcbb5693aa87623e69.js.map
[./app/javascript/channels sync recursive _channel\.js$] ./app/javascript/channels sync _channel\.js$ 160 bytes {application} [built]
[./app/javascript/channels/index.js] 211 bytes {application} [built]
[./app/javascript/packs/application.js] 749 bytes {application} [built]
[./node_modules/webpack/buildin/module.js] (webpack)/buildin/module.js 552 bytes {application} [built]
    + 3 hidden modules

Completed 200 OK in 3239ms (Views: 3234.1ms | ActiveRecord: 2.0ms | Allocations: 23255)


Started GET "/messages/new" for ::1 at 2020-09-04 23:18:31 +0900
Processing by MessagesController#new as HTML
  Rendering messages/new.html.erb within layouts/application
  Rendered messages/_form.html.erb (Duration: 13.4ms | Allocations: 4555)
  Rendered messages/new.html.erb within layouts/application (Duration: 14.3ms | Allocations: 4906)
[Webpacker] Everything's up-to-date. Nothing to do
Completed 200 OK in 30ms (Views: 19.8ms | ActiveRecord: 4.1ms | Allocations: 11576)


